<?xml version="1.0" encoding="UTF-8"?>
<!-- Generated by org.testng.reporters.JUnitReportReporter -->
<testsuite skipped="0" hostname="ANUPAMAs-MBP" name="Academy.HomePage" tests="2" failures="0" timestamp="2020-04-24T10:19:17 SGT" time="29.673" errors="0">
  <testcase name="basePageNavigation" time="9.936" classname="Academy.HomePage"/>
  <system-out/>
  <testcase name="basePageNavigation" time="19.737" classname="Academy.HomePage"/>
  <system-out/>
</testsuite> <!-- Academy.HomePage -->
