<?xml version="1.0" encoding="UTF-8"?>
<!-- Generated by org.testng.reporters.JUnitReportReporter -->
<testsuite skipped="0" hostname="ANUPAMAs-MBP" name="Academy.HomePage" tests="1" failures="0" timestamp="2020-04-23T12:09:08 SGT" time="23.642" errors="0">
  <testcase name="basePageNavigation" time="23.642" classname="Academy.HomePage"/>
  <system-out/>
</testsuite> <!-- Academy.HomePage -->
