<?xml version="1.0" encoding="UTF-8"?>
<!-- Generated by org.testng.reporters.JUnitReportReporter -->
<testsuite skipped="0" hostname="ANUPAMAs-MBP" name="Academy.HomePage" tests="1" failures="0" timestamp="2020-04-23T14:38:56 SGT" time="22.193" errors="0">
  <testcase name="basePageNavigation" time="22.193" classname="Academy.HomePage"/>
  <system-out/>
</testsuite> <!-- Academy.HomePage -->
