<?xml version="1.0" encoding="UTF-8"?>
<!-- Generated by org.testng.reporters.JUnitReportReporter -->
<testsuite skipped="0" hostname="ANUPAMAs-MBP" name="Academy.validateTitle" tests="1" failures="0" timestamp="2020-04-24T09:56:12 SGT" time="0.026" errors="0">
  <testcase name="basePageNavigation" time="0.026" classname="Academy.validateTitle"/>
  <system-out/>
</testsuite> <!-- Academy.validateTitle -->
