<?xml version="1.0" encoding="UTF-8"?>
<!-- Generated by org.testng.reporters.JUnitReportReporter -->
<testsuite skipped="0" hostname="ANUPAMAs-MBP" name="Academy.validateNavigationBar" tests="1" failures="0" timestamp="2020-04-25T09:31:27 SGT" time="0.278" errors="0">
  <testcase name="basePageNavigation" time="0.278" classname="Academy.validateNavigationBar"/>
  <system-out/>
</testsuite> <!-- Academy.validateNavigationBar -->
