<?xml version="1.0" encoding="UTF-8"?>
<!-- Generated by org.testng.reporters.JUnitReportReporter -->
<testsuite hostname="ANUPAMAs-MBP" failures="0" tests="2" name="Academy.HomePage" time="23.566" errors="0" timestamp="2020-04-26T09:36:36 SGT" skipped="0">
  <testcase classname="Academy.HomePage" name="basePageNavigation" time="16.383"/>
  <system-out/>
  <testcase classname="Academy.HomePage" name="basePageNavigation" time="7.183"/>
  <system-out/>
</testsuite> <!-- Academy.HomePage -->
