<?xml version="1.0" encoding="UTF-8"?>
<!-- Generated by org.testng.reporters.JUnitReportReporter -->
<testsuite hostname="ANUPAMAs-MBP" failures="0" tests="1" name="Academy.validateTitle" time="0.023" errors="0" timestamp="2020-04-24T10:13:20 SGT" skipped="0">
  <testcase classname="Academy.validateTitle" name="basePageNavigation" time="0.023"/>
  <system-out/>
</testsuite> <!-- Academy.validateTitle -->
