<?xml version="1.0" encoding="UTF-8"?>
<!-- Generated by org.testng.reporters.JUnitReportReporter -->
<testsuite hostname="ANUPAMAs-MBP" failures="0" tests="1" name="Academy.validateNavigationBar" time="0.066" errors="0" timestamp="2020-04-25T13:20:48 SGT" skipped="0">
  <testcase classname="Academy.validateNavigationBar" name="basePageNavigation" time="0.066"/>
  <system-out/>
</testsuite> <!-- Academy.validateNavigationBar -->
