<?xml version="1.0" encoding="UTF-8"?>
<!-- Generated by org.testng.reporters.JUnitReportReporter -->
<testsuite hostname="ANUPAMAs-MBP" failures="0" tests="1" name="Academy.validateTitle" time="0.032" errors="0" timestamp="2020-04-26T09:36:36 SGT" skipped="0">
  <testcase classname="Academy.validateTitle" name="basePageNavigation" time="0.032"/>
  <system-out/>
</testsuite> <!-- Academy.validateTitle -->
