<?xml version="1.0" encoding="UTF-8"?>
<!-- Generated by org.testng.reporters.JUnitReportReporter -->
<testsuite hostname="ANUPAMAs-MBP" failures="0" tests="2" name="Academy.HomePage" time="38.269" errors="0" timestamp="2020-04-25T13:20:48 SGT" skipped="0">
  <testcase classname="Academy.HomePage" name="basePageNavigation" time="27.855"/>
  <system-out/>
  <testcase classname="Academy.HomePage" name="basePageNavigation" time="10.414"/>
  <system-out/>
</testsuite> <!-- Academy.HomePage -->
