<?xml version="1.0" encoding="UTF-8"?>
<!-- Generated by org.testng.reporters.JUnitReportReporter -->
<testsuite hostname="ANUPAMAs-MBP" failures="0" tests="2" name="Academy.HomePage" time="26.465" errors="0" timestamp="2020-04-26T11:04:40 SGT" skipped="0">
  <testcase classname="Academy.HomePage" name="basePageNavigation" time="7.308"/>
  <system-out/>
  <testcase classname="Academy.HomePage" name="basePageNavigation" time="19.157"/>
  <system-out/>
</testsuite> <!-- Academy.HomePage -->
