<?xml version="1.0" encoding="UTF-8"?>
<!-- Generated by org.testng.reporters.JUnitReportReporter -->
<testsuite skipped="0" hostname="ANUPAMAs-MBP" name="Academy.validateTitle" tests="1" failures="0" timestamp="2020-04-26T20:11:34 SGT" time="0.025" errors="0">
  <testcase name="validateAppTitle" time="0.025" classname="Academy.validateTitle"/>
  <system-out/>
</testsuite> <!-- Academy.validateTitle -->
