<?xml version="1.0" encoding="UTF-8"?>
<!-- Generated by org.testng.reporters.JUnitReportReporter -->
<testsuite skipped="0" hostname="ANUPAMAs-MBP" name="Academy.validateNavigationBar" tests="1" failures="0" timestamp="2020-04-26T20:11:34 SGT" time="0.096" errors="0">
  <testcase name="validateAppNavBar" time="0.096" classname="Academy.validateNavigationBar"/>
  <system-out/>
</testsuite> <!-- Academy.validateNavigationBar -->
