<?xml version="1.0" encoding="UTF-8"?>
<!-- Generated by org.testng.reporters.JUnitReportReporter -->
<testsuite skipped="0" hostname="ANUPAMAs-MBP" name="Academy.HomePage" tests="2" failures="0" timestamp="2020-04-26T20:11:34 SGT" time="28.588" errors="0">
  <testcase name="basePageNavigation" time="20.126" classname="Academy.HomePage"/>
  <system-out/>
  <testcase name="basePageNavigation" time="8.462" classname="Academy.HomePage"/>
  <system-out/>
</testsuite> <!-- Academy.HomePage -->
