<?xml version="1.0" encoding="UTF-8"?>
<!-- Generated by org.testng.reporters.JUnitReportReporter -->
<testsuite hostname="ANUPAMAs-MBP" failures="0" tests="1" name="Academy.validateNavigationBar" time="0.068" errors="0" timestamp="2020-04-24T10:13:20 SGT" skipped="0">
  <testcase classname="Academy.validateNavigationBar" name="basePageNavigation" time="0.068"/>
  <system-out/>
</testsuite> <!-- Academy.validateNavigationBar -->
