<?xml version="1.0" encoding="UTF-8"?>
<!-- Generated by org.testng.reporters.JUnitReportReporter -->
<testsuite skipped="0" hostname="ANUPAMAs-MBP" name="Academy.HomePage" tests="2" failures="0" timestamp="2020-04-27T08:39:05 SGT" time="28.134" errors="0">
  <testcase name="basePageNavigation" time="20.396" classname="Academy.HomePage"/>
  <system-out/>
  <testcase name="basePageNavigation" time="7.738" classname="Academy.HomePage"/>
  <system-out/>
</testsuite> <!-- Academy.HomePage -->
